<?xml version="1.0" encoding="UTF-8"?>
<testng-results skipped="0" failed="0" total="2" passed="2">
  <reporter-output>
  </reporter-output>
  <suite name="Suite" duration-ms="26543" started-at="2016-08-05T01:43:21Z" finished-at="2016-08-05T01:43:48Z">
    <groups>
    </groups>
    <test name="Test" duration-ms="26543" started-at="2016-08-05T01:43:21Z" finished-at="2016-08-05T01:43:48Z">
      <class name="sample.CheckBoxes_Test">
        <test-method status="PASS" signature="beforeClass()[pri:0, instance:sample.CheckBoxes_Test@123f9bb1]" name="beforeClass" is-config="true" duration-ms="5457" started-at="2016-08-05T07:13:21Z" finished-at="2016-08-05T07:13:27Z">
          <reporter-output>
          </reporter-output>
        </test-method> <!-- beforeClass -->
        <test-method status="PASS" signature="testCheckBoxes_Test()[pri:0, instance:sample.CheckBoxes_Test@123f9bb1]" name="testCheckBoxes_Test" duration-ms="7902" started-at="2016-08-05T07:13:27Z" finished-at="2016-08-05T07:13:35Z">
          <reporter-output>
          </reporter-output>
        </test-method> <!-- testCheckBoxes_Test -->
        <test-method status="PASS" signature="afterClass()[pri:0, instance:sample.CheckBoxes_Test@123f9bb1]" name="afterClass" is-config="true" duration-ms="1538" started-at="2016-08-05T07:13:35Z" finished-at="2016-08-05T07:13:36Z">
          <reporter-output>
          </reporter-output>
        </test-method> <!-- afterClass -->
      </class> <!-- sample.CheckBoxes_Test -->
      <class name="sample.GetTitle_Test">
        <test-method status="PASS" signature="beforeClass()[pri:0, instance:sample.GetTitle_Test@e068ad3]" name="beforeClass" is-config="true" duration-ms="3963" started-at="2016-08-05T07:13:36Z" finished-at="2016-08-05T07:13:40Z">
          <reporter-output>
          </reporter-output>
        </test-method> <!-- beforeClass -->
        <test-method status="PASS" signature="testCheckBoxes_Test()[pri:0, instance:sample.GetTitle_Test@e068ad3]" name="testCheckBoxes_Test" duration-ms="6878" started-at="2016-08-05T07:13:40Z" finished-at="2016-08-05T07:13:47Z">
          <reporter-output>
          </reporter-output>
        </test-method> <!-- testCheckBoxes_Test -->
        <test-method status="PASS" signature="afterClass()[pri:0, instance:sample.GetTitle_Test@e068ad3]" name="afterClass" is-config="true" duration-ms="780" started-at="2016-08-05T07:13:47Z" finished-at="2016-08-05T07:13:48Z">
          <reporter-output>
          </reporter-output>
        </test-method> <!-- afterClass -->
      </class> <!-- sample.GetTitle_Test -->
    </test> <!-- Test -->
  </suite> <!-- Suite -->
</testng-results>
