<?xml version="1.0" encoding="UTF-8"?>
<testng-results skipped="0" failed="0" total="2" passed="2">
  <reporter-output>
  </reporter-output>
  <suite name="Suite" duration-ms="26792" started-at="2016-08-04T02:14:35Z" finished-at="2016-08-04T02:15:02Z">
    <groups>
    </groups>
    <test name="Test" duration-ms="26792" started-at="2016-08-04T02:14:35Z" finished-at="2016-08-04T02:15:02Z">
      <class name="sample.CheckBoxes_Test">
        <test-method status="PASS" signature="beforeClass()[pri:0, instance:sample.CheckBoxes_Test@3ffaab5]" name="beforeClass" is-config="true" duration-ms="4277" started-at="2016-08-04T07:44:35Z" finished-at="2016-08-04T07:44:40Z">
          <reporter-output>
          </reporter-output>
        </test-method> <!-- beforeClass -->
        <test-method status="PASS" signature="testCheckBoxes_Test()[pri:0, instance:sample.CheckBoxes_Test@3ffaab5]" name="testCheckBoxes_Test" duration-ms="10073" started-at="2016-08-04T07:44:40Z" finished-at="2016-08-04T07:44:50Z">
          <reporter-output>
          </reporter-output>
        </test-method> <!-- testCheckBoxes_Test -->
        <test-method status="PASS" signature="afterClass()[pri:0, instance:sample.CheckBoxes_Test@3ffaab5]" name="afterClass" is-config="true" duration-ms="1415" started-at="2016-08-04T07:44:50Z" finished-at="2016-08-04T07:44:51Z">
          <reporter-output>
          </reporter-output>
        </test-method> <!-- afterClass -->
      </class> <!-- sample.CheckBoxes_Test -->
      <class name="sample.GetTitle_Test">
        <test-method status="PASS" signature="beforeClass()[pri:0, instance:sample.GetTitle_Test@6205320]" name="beforeClass" is-config="true" duration-ms="3310" started-at="2016-08-04T07:44:51Z" finished-at="2016-08-04T07:44:54Z">
          <reporter-output>
          </reporter-output>
        </test-method> <!-- beforeClass -->
        <test-method status="PASS" signature="testCheckBoxes_Test()[pri:0, instance:sample.GetTitle_Test@6205320]" name="testCheckBoxes_Test" duration-ms="6748" started-at="2016-08-04T07:44:54Z" finished-at="2016-08-04T07:45:01Z">
          <reporter-output>
          </reporter-output>
        </test-method> <!-- testCheckBoxes_Test -->
        <test-method status="PASS" signature="afterClass()[pri:0, instance:sample.GetTitle_Test@6205320]" name="afterClass" is-config="true" duration-ms="930" started-at="2016-08-04T07:45:01Z" finished-at="2016-08-04T07:45:02Z">
          <reporter-output>
          </reporter-output>
        </test-method> <!-- afterClass -->
      </class> <!-- sample.GetTitle_Test -->
    </test> <!-- Test -->
  </suite> <!-- Suite -->
</testng-results>
